Added Component: Designator=04(AD8032A)
Added Component: Designator=C1_iac(CAPR5-4X5)
Added Component: Designator=C2_iac(CAPR5-4X5)
Added Component: Designator=C3(CAPR5-4X5)
Added Component: Designator=C4(CAPR5-4X5)
Added Component: Designator=C5(CAPR5-4X5)
Added Component: Designator=C6(CAPR5-4X5)
Added Component: Designator=C7(CAPR5-4X5)
Added Component: Designator=C8(CAPR5-4X5)
Added Component: Designator=D1(DIODE-0.4)
Added Component: Designator=D2(DIODE-0.4)
Added Component: Designator=D3(DIODE-0.4)
Added Component: Designator=D4(DIODE-0.4)
Added Component: Designator=D5(DIODE-0.4)
Added Component: Designator=iac_sensor(LA100P)
Added Component: Designator=ibatt_sensor(LA100P)
Added Component: Designator=O1(AD8032A)
Added Component: Designator=O2(AD8032A)
Added Component: Designator=O3(AD8032A)
Added Component: Designator=O4(AD8032A)
Added Component: Designator=O5(AD8032A)
Added Component: Designator=R1(Res_Vishay_5W)
Added Component: Designator=R2(AXIAL-0.3)
Added Component: Designator=R3(AXIAL-0.3)
Added Component: Designator=R4(AXIAL-0.3)
Added Component: Designator=R5(AXIAL-0.3)
Added Component: Designator=R6(AXIAL-0.3)
Added Component: Designator=R7(AXIAL-0.3)
Added Component: Designator=R8(Res_Vishay_5W)
Added Component: Designator=R9(AXIAL-0.3)
Added Component: Designator=R10(AXIAL-0.3)
Added Component: Designator=R11(Res_Vishay_5W)
Added Component: Designator=R12(AXIAL-0.3)
Added Component: Designator=R13(AXIAL-0.3)
Added Component: Designator=R14(AXIAL-0.3)
Added Component: Designator=R15(AXIAL-0.3)
Added Component: Designator=R16(AXIAL-0.3)
Added Component: Designator=R17(AXIAL-0.3)
Added Component: Designator=R18(AXIAL-0.3)
Added Component: Designator=R19(AXIAL-0.3)
Added Component: Designator=R20(AXIAL-0.3)
Added Component: Designator=R21(AXIAL-0.3)
Added Component: Designator=R22(AXIAL-0.3)
Added Component: Designator=R23(AXIAL-0.3)
Added Component: Designator=R24(AXIAL-0.3)
Added Component: Designator=R25(AXIAL-0.3)
Added Component: Designator=to_adc(Conn_10Pos)
Added Component: Designator=vac_in(5MM_HOR_ENTRY)
Added Component: Designator=vac_sensor(LV20P)
Added Component: Designator=vbatt_in(5MM_HOR_ENTRY)
Added Component: Designator=vbatt_sensor(LV20P)
Added Component: Designator=vdc_in(5MM_HOR_ENTRY)
Added Component: Designator=vdc_sensor(LV20P)
Added Pin To Net: NetName=+15V Pin=iac_sensor-+
Added Pin To Net: NetName=+15V Pin=ibatt_sensor-+
Added Pin To Net: NetName=+15V Pin=vac_sensor-+15V
Added Pin To Net: NetName=+15V Pin=vbatt_sensor-+15V
Added Pin To Net: NetName=+15V Pin=vdc_sensor-+15V
Added Net: Name=+15V
Added Pin To Net: NetName=-15V Pin=iac_sensor--
Added Pin To Net: NetName=-15V Pin=ibatt_sensor--
Added Pin To Net: NetName=-15V Pin=vac_sensor--15V
Added Pin To Net: NetName=-15V Pin=vbatt_sensor--15V
Added Pin To Net: NetName=-15V Pin=vdc_sensor--15V
Added Net: Name=-15V
Added Pin To Net: NetName=5V1 Pin=04-8
Added Pin To Net: NetName=5V1 Pin=O1-8
Added Pin To Net: NetName=5V1 Pin=O2-8
Added Pin To Net: NetName=5V1 Pin=O3-8
Added Pin To Net: NetName=5V1 Pin=O4-8
Added Pin To Net: NetName=5V1 Pin=O5-8
Added Pin To Net: NetName=5V1 Pin=R5-2
Added Pin To Net: NetName=5V1 Pin=R17-2
Added Pin To Net: NetName=5V1 Pin=R23-2
Added Net: Name=5V1
Added Pin To Net: NetName=GND1 Pin=04-4
Added Pin To Net: NetName=GND1 Pin=C1_iac-2
Added Pin To Net: NetName=GND1 Pin=C2_iac-2
Added Pin To Net: NetName=GND1 Pin=C3-2
Added Pin To Net: NetName=GND1 Pin=C4-2
Added Pin To Net: NetName=GND1 Pin=C5-2
Added Pin To Net: NetName=GND1 Pin=C6-2
Added Pin To Net: NetName=GND1 Pin=C7-2
Added Pin To Net: NetName=GND1 Pin=C8-2
Added Pin To Net: NetName=GND1 Pin=D1-1
Added Pin To Net: NetName=GND1 Pin=D2-1
Added Pin To Net: NetName=GND1 Pin=D3-1
Added Pin To Net: NetName=GND1 Pin=D4-1
Added Pin To Net: NetName=GND1 Pin=D5-1
Added Pin To Net: NetName=GND1 Pin=O1-4
Added Pin To Net: NetName=GND1 Pin=O2-4
Added Pin To Net: NetName=GND1 Pin=O3-4
Added Pin To Net: NetName=GND1 Pin=O4-4
Added Pin To Net: NetName=GND1 Pin=O5-4
Added Pin To Net: NetName=GND1 Pin=R2-1
Added Pin To Net: NetName=GND1 Pin=R6-1
Added Pin To Net: NetName=GND1 Pin=R9-1
Added Pin To Net: NetName=GND1 Pin=R12-1
Added Pin To Net: NetName=GND1 Pin=R14-1
Added Pin To Net: NetName=GND1 Pin=R18-1
Added Pin To Net: NetName=GND1 Pin=R20-1
Added Pin To Net: NetName=GND1 Pin=R24-1
Added Pin To Net: NetName=GND1 Pin=to_adc-1
Added Pin To Net: NetName=GND1 Pin=to_adc-3
Added Pin To Net: NetName=GND1 Pin=to_adc-5
Added Pin To Net: NetName=GND1 Pin=to_adc-7
Added Pin To Net: NetName=GND1 Pin=to_adc-9
Added Net: Name=GND1
Added Pin To Net: NetName=Net04_5 Pin=04-5
Added Pin To Net: NetName=Net04_5 Pin=O4-1
Added Pin To Net: NetName=Net04_5 Pin=R16-1
Added Net: Name=Net04_5
Added Pin To Net: NetName=Net04_6 Pin=04-6
Added Pin To Net: NetName=Net04_6 Pin=04-7
Added Pin To Net: NetName=Net04_6 Pin=R19-2
Added Net: Name=Net04_6
Added Pin To Net: NetName=NetC1_iac_1 Pin=C1_iac-1
Added Pin To Net: NetName=NetC1_iac_1 Pin=O5-3
Added Pin To Net: NetName=NetC1_iac_1 Pin=R23-1
Added Pin To Net: NetName=NetC1_iac_1 Pin=R24-2
Added Net: Name=NetC1_iac_1
Added Pin To Net: NetName=NetC2_iac_1 Pin=C2_iac-1
Added Pin To Net: NetName=NetC2_iac_1 Pin=D5-2
Added Pin To Net: NetName=NetC2_iac_1 Pin=R25-1
Added Pin To Net: NetName=NetC2_iac_1 Pin=to_adc-4
Added Net: Name=NetC2_iac_1
Added Pin To Net: NetName=NetC3_1 Pin=C3-1
Added Pin To Net: NetName=NetC3_1 Pin=D2-2
Added Pin To Net: NetName=NetC3_1 Pin=R10-2
Added Pin To Net: NetName=NetC3_1 Pin=to_adc-6
Added Net: Name=NetC3_1
Added Pin To Net: NetName=NetC4_1 Pin=C4-1
Added Pin To Net: NetName=NetC4_1 Pin=D3-2
Added Pin To Net: NetName=NetC4_1 Pin=R13-2
Added Pin To Net: NetName=NetC4_1 Pin=to_adc-8
Added Net: Name=NetC4_1
Added Pin To Net: NetName=NetC5_1 Pin=C5-1
Added Pin To Net: NetName=NetC5_1 Pin=O4-3
Added Pin To Net: NetName=NetC5_1 Pin=R17-1
Added Pin To Net: NetName=NetC5_1 Pin=R18-2
Added Net: Name=NetC5_1
Added Pin To Net: NetName=NetC6_1 Pin=C6-1
Added Pin To Net: NetName=NetC6_1 Pin=D4-2
Added Pin To Net: NetName=NetC6_1 Pin=R19-1
Added Pin To Net: NetName=NetC6_1 Pin=to_adc-10
Added Net: Name=NetC6_1
Added Pin To Net: NetName=NetC7_1 Pin=C7-1
Added Pin To Net: NetName=NetC7_1 Pin=O1-3
Added Pin To Net: NetName=NetC7_1 Pin=R5-1
Added Pin To Net: NetName=NetC7_1 Pin=R6-2
Added Net: Name=NetC7_1
Added Pin To Net: NetName=NetC8_1 Pin=C8-1
Added Pin To Net: NetName=NetC8_1 Pin=D1-2
Added Pin To Net: NetName=NetC8_1 Pin=R7-1
Added Pin To Net: NetName=NetC8_1 Pin=to_adc-2
Added Net: Name=NetC8_1
Added Pin To Net: NetName=Netiac_sensor_M Pin=iac_sensor-M
Added Pin To Net: NetName=Netiac_sensor_M Pin=R20-2
Added Pin To Net: NetName=Netiac_sensor_M Pin=R21-2
Added Net: Name=Netiac_sensor_M
Added Pin To Net: NetName=Netibatt_sensor_M Pin=ibatt_sensor-M
Added Pin To Net: NetName=Netibatt_sensor_M Pin=R14-2
Added Pin To Net: NetName=Netibatt_sensor_M Pin=R15-2
Added Net: Name=Netibatt_sensor_M
Added Pin To Net: NetName=NetO1_1 Pin=O1-1
Added Pin To Net: NetName=NetO1_1 Pin=O1-5
Added Pin To Net: NetName=NetO1_1 Pin=R4-1
Added Net: Name=NetO1_1
Added Pin To Net: NetName=NetO1_2 Pin=O1-2
Added Pin To Net: NetName=NetO1_2 Pin=R3-1
Added Pin To Net: NetName=NetO1_2 Pin=R4-2
Added Net: Name=NetO1_2
Added Pin To Net: NetName=NetO1_6 Pin=O1-6
Added Pin To Net: NetName=NetO1_6 Pin=O1-7
Added Pin To Net: NetName=NetO1_6 Pin=R7-2
Added Net: Name=NetO1_6
Added Pin To Net: NetName=NetO2_1 Pin=O2-1
Added Pin To Net: NetName=NetO2_1 Pin=O2-2
Added Pin To Net: NetName=NetO2_1 Pin=R10-1
Added Net: Name=NetO2_1
Added Pin To Net: NetName=NetO2_3 Pin=O2-3
Added Pin To Net: NetName=NetO2_3 Pin=R9-2
Added Pin To Net: NetName=NetO2_3 Pin=vdc_sensor-M
Added Net: Name=NetO2_3
Added Pin To Net: NetName=NetO3_5 Pin=O3-5
Added Pin To Net: NetName=NetO3_5 Pin=R12-2
Added Pin To Net: NetName=NetO3_5 Pin=vbatt_sensor-M
Added Net: Name=NetO3_5
Added Pin To Net: NetName=NetO3_6 Pin=O3-6
Added Pin To Net: NetName=NetO3_6 Pin=O3-7
Added Pin To Net: NetName=NetO3_6 Pin=R13-1
Added Net: Name=NetO3_6
Added Pin To Net: NetName=NetO4_2 Pin=O4-2
Added Pin To Net: NetName=NetO4_2 Pin=R15-1
Added Pin To Net: NetName=NetO4_2 Pin=R16-2
Added Net: Name=NetO4_2
Added Pin To Net: NetName=NetO5_1 Pin=O5-1
Added Pin To Net: NetName=NetO5_1 Pin=O5-5
Added Pin To Net: NetName=NetO5_1 Pin=R22-1
Added Net: Name=NetO5_1
Added Pin To Net: NetName=NetO5_2 Pin=O5-2
Added Pin To Net: NetName=NetO5_2 Pin=R21-1
Added Pin To Net: NetName=NetO5_2 Pin=R22-2
Added Net: Name=NetO5_2
Added Pin To Net: NetName=NetO5_6 Pin=O5-6
Added Pin To Net: NetName=NetO5_6 Pin=O5-7
Added Pin To Net: NetName=NetO5_6 Pin=R25-2
Added Net: Name=NetO5_6
Added Pin To Net: NetName=NetR1_1 Pin=R1-1
Added Pin To Net: NetName=NetR1_1 Pin=vac_in-2
Added Net: Name=NetR1_1
Added Pin To Net: NetName=NetR1_2 Pin=R1-2
Added Pin To Net: NetName=NetR1_2 Pin=vac_sensor-HV+
Added Net: Name=NetR1_2
Added Pin To Net: NetName=NetR2_2 Pin=R2-2
Added Pin To Net: NetName=NetR2_2 Pin=R3-2
Added Pin To Net: NetName=NetR2_2 Pin=vac_sensor-M
Added Net: Name=NetR2_2
Added Pin To Net: NetName=NetR8_1 Pin=R8-1
Added Pin To Net: NetName=NetR8_1 Pin=vdc_in-2
Added Net: Name=NetR8_1
Added Pin To Net: NetName=NetR8_2 Pin=R8-2
Added Pin To Net: NetName=NetR8_2 Pin=vdc_sensor-HV+
Added Net: Name=NetR8_2
Added Pin To Net: NetName=NetR11_1 Pin=R11-1
Added Pin To Net: NetName=NetR11_1 Pin=vbatt_in-2
Added Net: Name=NetR11_1
Added Pin To Net: NetName=NetR11_2 Pin=R11-2
Added Pin To Net: NetName=NetR11_2 Pin=vbatt_sensor-HV+
Added Net: Name=NetR11_2
Added Pin To Net: NetName=Netvac_in_1 Pin=vac_in-1
Added Pin To Net: NetName=Netvac_in_1 Pin=vac_sensor-HV-
Added Net: Name=Netvac_in_1
Added Pin To Net: NetName=Netvbatt_in_1 Pin=vbatt_in-1
Added Pin To Net: NetName=Netvbatt_in_1 Pin=vbatt_sensor-HV-
Added Net: Name=Netvbatt_in_1
Added Pin To Net: NetName=Netvdc_in_1 Pin=vdc_in-1
Added Pin To Net: NetName=Netvdc_in_1 Pin=vdc_sensor-HV-
Added Net: Name=Netvdc_in_1
Added Member To Class: ClassName=sensing_circuits Member=Component 04 AD8032A_iac
Added Member To Class: ClassName=sensing_circuits Member=Component C1_iac Cap1_iac
Added Member To Class: ClassName=sensing_circuits Member=Component C2_iac Cap2_iac
Added Member To Class: ClassName=sensing_circuits Member=Component C3 Cap2_vdc
Added Member To Class: ClassName=sensing_circuits Member=Component C4 Cap2_vbatt
Added Member To Class: ClassName=sensing_circuits Member=Component C5 Cap1_ibatt
Added Member To Class: ClassName=sensing_circuits Member=Component C6 Cap2_ibatt
Added Member To Class: ClassName=sensing_circuits Member=Component C7 Cap1
Added Member To Class: ClassName=sensing_circuits Member=Component C8 Cap2
Added Member To Class: ClassName=sensing_circuits Member=Component D1 D Tunnel2
Added Member To Class: ClassName=sensing_circuits Member=Component D2 D Tunnel2
Added Member To Class: ClassName=sensing_circuits Member=Component D3 D Tunnel2
Added Member To Class: ClassName=sensing_circuits Member=Component D4 D Tunnel2
Added Member To Class: ClassName=sensing_circuits Member=Component D5 D Tunnel2
Added Member To Class: ClassName=sensing_circuits Member=Component iac_sensor LA100P
Added Member To Class: ClassName=sensing_circuits Member=Component ibatt_sensor LA100P
Added Member To Class: ClassName=sensing_circuits Member=Component O1 AD8032A
Added Member To Class: ClassName=sensing_circuits Member=Component O2 AD8032A
Added Member To Class: ClassName=sensing_circuits Member=Component O3 AD8032A
Added Member To Class: ClassName=sensing_circuits Member=Component O4 AD8032A
Added Member To Class: ClassName=sensing_circuits Member=Component O5 AD8032A
Added Member To Class: ClassName=sensing_circuits Member=Component R1
Added Member To Class: ClassName=sensing_circuits Member=Component R2 Res2
Added Member To Class: ClassName=sensing_circuits Member=Component R3 Res3
Added Member To Class: ClassName=sensing_circuits Member=Component R4 Res4
Added Member To Class: ClassName=sensing_circuits Member=Component R5 Res5
Added Member To Class: ClassName=sensing_circuits Member=Component R6 Res6
Added Member To Class: ClassName=sensing_circuits Member=Component R7 Res7
Added Member To Class: ClassName=sensing_circuits Member=Component R8
Added Member To Class: ClassName=sensing_circuits Member=Component R9 Res1
Added Member To Class: ClassName=sensing_circuits Member=Component R10 Res1
Added Member To Class: ClassName=sensing_circuits Member=Component R11
Added Member To Class: ClassName=sensing_circuits Member=Component R12 Res1
Added Member To Class: ClassName=sensing_circuits Member=Component R13 Res1
Added Member To Class: ClassName=sensing_circuits Member=Component R14 Res2_ibatt
Added Member To Class: ClassName=sensing_circuits Member=Component R15 Res3_ibatt
Added Member To Class: ClassName=sensing_circuits Member=Component R16 Res4_ibatt
Added Member To Class: ClassName=sensing_circuits Member=Component R17 Res5_ibatt
Added Member To Class: ClassName=sensing_circuits Member=Component R18 Res6_ibatt
Added Member To Class: ClassName=sensing_circuits Member=Component R19 Res7_iac
Added Member To Class: ClassName=sensing_circuits Member=Component R20 Res2_iac
Added Member To Class: ClassName=sensing_circuits Member=Component R21 Res3_iac
Added Member To Class: ClassName=sensing_circuits Member=Component R22 Res4_iac
Added Member To Class: ClassName=sensing_circuits Member=Component R23 Res5_iac
Added Member To Class: ClassName=sensing_circuits Member=Component R24 Res6_iac
Added Member To Class: ClassName=sensing_circuits Member=Component R25 Res7_iac
Added Member To Class: ClassName=sensing_circuits Member=Component to_adc 10PosConn
Added Member To Class: ClassName=sensing_circuits Member=Component vac_in 5MM_HOR_ENTRY
Added Member To Class: ClassName=sensing_circuits Member=Component vac_sensor LV20P
Added Member To Class: ClassName=sensing_circuits Member=Component vbatt_in 5MM_HOR_ENTRY
Added Member To Class: ClassName=sensing_circuits Member=Component vbatt_sensor LV20P
Added Member To Class: ClassName=sensing_circuits Member=Component vdc_in 5MM_HOR_ENTRY
Added Member To Class: ClassName=sensing_circuits Member=Component vdc_sensor LV20P
Added Room: Name=sensing_circuits
