Removed Pin From Net: NetName=+15V Pin=C14-1
Removed Pin From Net: NetName=GND1 Pin=C14-2
Removed Pin From Net: NetName=GND1 Pin=C16-1
Removed Pin From Net: NetName=-15V Pin=C16-2
Removed Member From Class: ClassName=sensing_circuits Member=C16
Change Component DesignItemId : Designator=C13 Old DesignItemId=Cap Pol1 New DesignItemId=Cap_Pol_5
Change Component DesignItemId : Designator=C14 Old DesignItemId=Cap Pol1 New DesignItemId=Cap_Pol_5
Change Component DesignItemId : Designator=C15 Old DesignItemId=Cap Pol1 New DesignItemId=Cap_Pol_5
Change Component Footprint: Designator=C13 Old Footprint=RB7.6-15 New Footprint=Cap_Pol_5mm
Change Component Footprint: Designator=C14 Old Footprint=RB7.6-15 New Footprint=Cap_Pol_5mm
Change Component Footprint: Designator=C15 Old Footprint=RB7.6-15 New Footprint=Cap_Pol_5mm
Change Component Comment : Designator=C13 Old Comment=C13 New Comment=C12
Change Component Comment : Designator=C14 Old Comment=C13 New Comment=C12
Change Component Comment : Designator=C15 Old Comment=C13 New Comment=C12
Added Component: Designator=C12(Cap_Pol_5mm)
Added Pin To Net: NetName=+15V Pin=C12-1
Added Pin To Net: NetName=GND1 Pin=C12-2
Added Pin To Net: NetName=GND1 Pin=C14-1
Added Pin To Net: NetName=-15V Pin=C14-2
Added Member To Class: ClassName=sensing_circuits Member=Component C12
