Removed Pin From Net: NetName=GND1 Pin=D1-1
Removed Pin From Net: NetName=NetD1_2 Pin=D1-2
Removed Pin From Net: NetName=GND1 Pin=D2-1
Removed Pin From Net: NetName=NetD2_2 Pin=D2-2
Removed Pin From Net: NetName=GND1 Pin=D3-1
Removed Pin From Net: NetName=NetD3_2 Pin=D3-2
Removed Pin From Net: NetName=GND1 Pin=D4-1
Removed Pin From Net: NetName=NetD4_2 Pin=D4-2
Removed Pin From Net: NetName=GND1 Pin=D5-1
Removed Pin From Net: NetName=NetD5_2 Pin=D5-2
Removed Pin From Net: NetName=GND1 Pin=D6-1
Removed Pin From Net: NetName=NetD6_2 Pin=D6-2
Removed Member From Class: ClassName=fo_tx_array Member=D1
Removed Member From Class: ClassName=fo_tx_array Member=D2
Removed Member From Class: ClassName=fo_tx_array Member=D3
Removed Member From Class: ClassName=fo_tx_array Member=D4
Removed Member From Class: ClassName=fo_tx_array Member=D5
Removed Member From Class: ClassName=fo_tx_array Member=D6
Added Component: Designator=*(Conn_10Pos)
Added Pin To Net: NetName=GND1 Pin=*-1
Added Pin To Net: NetName=NetD1_2 Pin=*-2
Added Pin To Net: NetName=NetD2_2 Pin=*-3
Added Pin To Net: NetName=NetD3_2 Pin=*-4
Added Pin To Net: NetName=NetD4_2 Pin=*-5
Added Pin To Net: NetName=NetD5_2 Pin=*-6
Added Pin To Net: NetName=NetD6_2 Pin=*-7
Added Pin To Net: NetName=GND1 Pin=*-8
Change Net Name : Old Net Name=NetD1_2 New Net Name=Net*_2
Change Net Name : Old Net Name=NetD2_2 New Net Name=Net*_3
Change Net Name : Old Net Name=NetD3_2 New Net Name=Net*_4
Change Net Name : Old Net Name=NetD4_2 New Net Name=Net*_5
Change Net Name : Old Net Name=NetD5_2 New Net Name=Net*_6
Change Net Name : Old Net Name=NetD6_2 New Net Name=Net*_7
Added Member To Class: ClassName=fo_tx_array Member=Component * 10PosConn
Added Room: Name=fo_tx_array
Added Room: Name=gate_driver_array
Added Room: Name=power_supplies
